1596119489.694637 client started (5237): version 3.1, socket /tmp/tmux-0/default, protocol 8
1596119489.694709 on Linux 4.19.128-2006.1.0.0038.fc33.aarch64 #1 SMP Mon Jul 13 13:11:08 UTC 2020; libevent 2.1.11-stable (poll)
1596119489.694730 socket is /tmp/tmux-0/default
1596119489.694762 trying connect
1596119489.694869 add peer 0xaaad1f93cca0: 6 ((nil))
1596119489.694963 sending message 100 to peer 0xaaad1f93cca0 (4 bytes)
1596119489.694982 sending message 101 to peer 0xaaad1f93cca0 (6 bytes)
1596119489.694991 sending message 102 to peer 0xaaad1f93cca0 (10 bytes)
1596119489.694999 sending message 108 to peer 0xaaad1f93cca0 (6 bytes)
1596119489.695009 sending message 104 to peer 0xaaad1f93cca0 (0 bytes)
1596119489.695018 sending message 107 to peer 0xaaad1f93cca0 (4 bytes)
1596119489.695025 sending message 105 to peer 0xaaad1f93cca0 (17 bytes)
1596119489.695041 sending message 105 to peer 0xaaad1f93cca0 (55 bytes)
1596119489.695050 sending message 105 to peer 0xaaad1f93cca0 (47 bytes)
1596119489.695057 sending message 105 to peer 0xaaad1f93cca0 (11 bytes)
1596119489.695064 sending message 106 to peer 0xaaad1f93cca0 (0 bytes)
1596119489.695072 cmd_pack_argv: argv[0]=attach
1596119489.695078 cmd_pack_argv: argv[1]=-t
1596119489.695084 cmd_pack_argv: argv[2]=anaconda
1596119489.695090 sending message 200 to peer 0xaaad1f93cca0 (23 bytes)
1596119489.695096 client loop enter
1596119489.701239 peer 0xaaad1f93cca0 message 207
1596119489.701264 sending message 208 to peer 0xaaad1f93cca0 (0 bytes)
1596119489.929069 client loop exit
